{"level":"info","message":"Test Case Started : @Smoke Verify the Scheduling features "}
{"level":"info","message":"Executing Step : Navigate to Application"}
{"level":"info","message":"Executing Step : Login into WFM Application"}
{"level":"info","message":"Executing Step : Verify Manage schedule time card Exists"}
{"level":"info","message":"Executing Step : Open schdule Planner page"}
{"level":"info","message":"Executing Step : Search for the Employee Rule Violation"}
{"level":"info","message":"Test Case Completed : @Smoke Verify the Scheduling features  Status : failed"}
{"level":"info","message":"Test Case Started : @Smoke Verify the Scheduling features "}
{"level":"info","message":"Executing Step : Navigate to Application"}
{"level":"info","message":"Executing Step : Login into WFM Application"}
{"level":"info","message":"Executing Step : Verify Manage schedule time card Exists"}
{"level":"info","message":"Executing Step : Open schdule Planner page"}
{"level":"info","message":"Executing Step : Search for the Employee Rule Violation"}
{"level":"info","message":"Test Case Completed : @Smoke Verify the Scheduling features  Status : failed"}
{"level":"info","message":"Test Case Started : @Smoke Verify Book Store Login"}
{"level":"info","message":"Executing Step : Navigate to Application"}
{"level":"info","message":"Executing Step : Click on Book Store Application Icon"}
{"level":"info","message":"Test Case Completed : @Smoke Verify Book Store Login Status : failed"}
{"level":"info","message":"Test Case Started : @Smoke Verify the Scheduling features "}
{"level":"info","message":"Executing Step : Navigate to Application"}
{"level":"info","message":"Executing Step : Login into WFM Application"}
{"level":"info","message":"Executing Step : Verify Manage schedule time card Exists"}
{"level":"info","message":"Executing Step : Open schdule Planner page"}
{"level":"info","message":"Executing Step : Search for the Employee Rule Violation"}
{"level":"info","message":"Test Case Completed : @Smoke Verify the Scheduling features  Status : failed"}
{"level":"info","message":"Test Case Started : @Smoke Verify the Scheduling features "}
{"level":"info","message":"Executing Step : Navigate to Application"}
{"level":"info","message":"Executing Step : Login into WFM Application"}
{"level":"info","message":"Executing Step : Verify Manage schedule time card Exists"}
{"level":"info","message":"Executing Step : Open schdule Planner page"}
{"level":"info","message":"Executing Step : Search for the Employee Rule Violation"}
{"level":"info","message":"Test Case Completed : @Smoke Verify the Scheduling features  Status : failed"}
{"level":"info","message":"Test Case Started : @Smoke Verify the Scheduling features "}
{"level":"info","message":"Executing Step : Navigate to Application"}
{"level":"info","message":"Executing Step : Login into WFM Application"}
{"level":"info","message":"Executing Step : Verify Manage schedule time card Exists"}
{"level":"info","message":"Executing Step : Open schdule Planner page"}
{"level":"info","message":"Executing Step : Search for the Employee Rule Violation"}
{"level":"info","message":"Test Case Completed : @Smoke Verify the Scheduling features  Status : passed"}
{"level":"info","message":"Test Case Started : @Smoke Verify the Scheduling features "}
{"level":"info","message":"Executing Step : Navigate to Application"}
{"level":"info","message":"Executing Step : Login into WFM Application"}
{"level":"info","message":"Executing Step : Verify Manage schedule time card Exists"}
{"level":"info","message":"Executing Step : Open schdule Planner page"}
{"level":"info","message":"Executing Step : Search for the Employee Rule Violation"}
{"level":"info","message":"Test Case Completed : @Smoke Verify the Scheduling features  Status : passed"}
{"level":"info","message":"Test Case Started : @Smoke Verify the Scheduling features "}
{"level":"info","message":"Executing Step : Navigate to Application"}
{"level":"info","message":"Executing Step : Login into WFM Application"}
{"level":"info","message":"Executing Step : Verify Manage schedule time card Exists"}
{"level":"info","message":"Executing Step : Open schdule Planner page"}
{"level":"info","message":"Executing Step : Search for the Employee Rule Violation"}
{"level":"info","message":"Test Case Completed : @Smoke Verify the Scheduling features  Status : passed"}
{"level":"info","message":"Test Case Started : @Smoke Verify the Scheduling features "}
{"level":"info","message":"Executing Step : Navigate to Application"}
{"level":"info","message":"Executing Step : Login into WFM Application"}
{"level":"info","message":"Executing Step : Verify Manage schedule time card Exists"}
{"level":"info","message":"Executing Step : Open schdule Planner page"}
{"level":"info","message":"Executing Step : Search for the Employee Rule Violation"}
{"level":"info","message":"Test Case Completed : @Smoke Verify the Scheduling features  Status : passed"}
{"level":"info","message":"Test Case Started : @Smoke Verify the Scheduling features "}
{"level":"info","message":"Executing Step : Navigate to Application"}
{"level":"info","message":"Executing Step : Login into WFM Application"}
{"level":"info","message":"Executing Step : Verify Manage schedule time card Exists"}
{"level":"info","message":"Executing Step : Open schdule Planner page"}
{"level":"info","message":"Executing Step : Search for the Employee Rule Violation"}
{"level":"info","message":"Test Case Started : @Smoke Verify the Scheduling features "}
{"level":"info","message":"Executing Step : Navigate to Application"}
{"level":"info","message":"Executing Step : Login into WFM Application"}
{"level":"info","message":"Executing Step : Verify Manage schedule time card Exists"}
{"level":"info","message":"Executing Step : Open schdule Planner page"}
{"level":"info","message":"Executing Step : Search for the Employee Rule Violation"}
{"level":"info","message":"Test Case Started : @Smoke Verify the Scheduling features "}
{"level":"info","message":"Executing Step : Navigate to Application"}
{"level":"info","message":"Executing Step : Login into WFM Application"}
{"level":"info","message":"Executing Step : Verify Manage schedule time card Exists"}
{"level":"info","message":"Executing Step : Open schdule Planner page"}
{"level":"info","message":"Executing Step : Search for the Employee Rule Violation"}
{"level":"info","message":"Test Case Completed : @Smoke Verify the Scheduling features  Status : failed"}
{"level":"info","message":"Test Case Started : @Smoke Verify the Scheduling features "}
{"level":"info","message":"Executing Step : Navigate to Application"}
{"level":"info","message":"Executing Step : Login into WFM Application"}
{"level":"info","message":"Executing Step : Verify Manage schedule time card Exists"}
{"level":"info","message":"Executing Step : Open schdule Planner page"}
{"level":"info","message":"Executing Step : Search for the Employee Rule Violation"}
{"level":"info","message":"Test Case Started : @Smoke Verify the Scheduling features "}
{"level":"info","message":"Executing Step : Navigate to Application"}
{"level":"info","message":"Executing Step : Login into WFM Application"}
{"level":"info","message":"Executing Step : Verify Manage schedule time card Exists"}
{"level":"info","message":"Executing Step : Open schdule Planner page"}
{"level":"info","message":"Executing Step : Search for the Employee Rule Violation"}
{"level":"info","message":"Test Case Started : @Smoke Verify the Scheduling features "}
{"level":"info","message":"Executing Step : Navigate to Application"}
{"level":"info","message":"Executing Step : Login into WFM Application"}
{"level":"info","message":"Executing Step : Verify Manage schedule time card Exists"}
{"level":"info","message":"Executing Step : Open schdule Planner page"}
{"level":"info","message":"Executing Step : Search for the Employee Rule Violation"}
{"level":"info","message":"Test Case Completed : @Smoke Verify the Scheduling features  Status : passed"}
{"level":"info","message":"Test Case Started : has title"}
{"level":"info","message":"Test Case Started : Connect to Postgres DB"}
{"level":"info","message":"Test Case Completed : Connect to Postgres DB Status : failed"}
{"level":"info","message":"Test Case Started : @Smoke Verify Alerts, Frame & Windows Page"}
{"level":"info","message":"Test Case Started : @Smoke Verify Elements Page"}
{"level":"info","message":"Test Case Started : @Smoke Verify Interactions Page"}
{"level":"info","message":"Test Case Completed : has title Status : passed"}
{"level":"info","message":"Test Case Started : get started link"}
{"level":"info","message":"Test Case Completed : get started link Status : passed"}
{"level":"info","message":"Test Case Started : @Smoke Verify Book Store Login"}
{"level":"info","message":"Executing Step : Navigate to Application"}
{"level":"info","message":"Executing Step : Click on Book Store Application Icon"}
{"level":"info","message":"Test Case Completed : @Smoke Verify Book Store Login Status : interrupted"}
{"level":"info","message":"Test Case Completed : @Smoke Verify Alerts, Frame & Windows Page Status : interrupted"}
{"level":"info","message":"Test Case Completed : @Smoke Verify Interactions Page Status : interrupted"}
{"level":"info","message":"Test Case Completed : @Smoke Verify Elements Page Status : interrupted"}
{"level":"info","message":"Test Case Started : @Smoke Verify the Scheduling features "}
{"level":"info","message":"Executing Step : Navigate to Application"}
{"level":"info","message":"Executing Step : Login into WFM Application"}
{"level":"info","message":"Executing Step : Verify Manage schedule time card Exists"}
{"level":"info","message":"Executing Step : Open schdule Planner page"}
{"level":"info","message":"Executing Step : Search for the Employee Rule Violation"}
{"level":"info","message":"Test Case Completed : @Smoke Verify the Scheduling features  Status : passed"}
